[LOG] 2026-06-07T11:53:35.255Z 🤖 Menghubungkan bot ke Discord...
[LOG] 2026-06-07T11:53:35.286Z 
======================================================
[LOG] 2026-06-07T11:53:35.288Z 🎪 Server API CrunchyVerse Bot berjalan dengan sukses!
[LOG] 2026-06-07T11:53:35.288Z 📡 URL API Lokal: http://localhost:3001
[LOG] 2026-06-07T11:53:35.288Z 🖥️  Endpoint Stats: http://localhost:3001/api/stats
[LOG] 2026-06-07T11:53:35.289Z ======================================================

[ERR] 2026-06-07T11:53:35.485Z Gagal menulis quests.json: ENOENT: no such file or directory, open 'E:\Code\CrunchyVerse\database\quests.json'
[ERR] 2026-06-07T11:53:36.690Z Gagal menulis quests.json: ENOENT: no such file or directory, open 'E:\Code\CrunchyVerse\database\quests.json'
[LOG] 2026-06-07T11:53:37.256Z ✅ Bot berhasil login sebagai KranciWib#6965!
[LOG] 2026-06-07T11:53:37.269Z [VoiceAFK SUCCESS] 18.53.37 - Bot VoiceAFK terintegrasi dengan CrunchyVerse (KranciWib#6965)
[LOG] 2026-06-07T11:53:37.271Z 🎪 Terhubung ke server: CrunchyVerse
[LOG] 2026-06-07T11:53:37.272Z 📡 [LiveStatusChannels] Mengubah nama channel 1480715185453793524 dari "⚫ AIRED" menjadi "🔴 Airing"
[LOG] 2026-06-07T11:53:37.273Z 📡 [LiveStatusChannels] Mengubah nama channel 1512685924771958846 dari "-" menjadi "Streaming 🎪 STAGE LIVE: Nobar Konser & Chit-chat Bareng Member Anomaly! 🍿"
[ERR] 2026-06-07T11:53:37.276Z (node:8500) DeprecationWarning: The ready event has been renamed to clientReady to distinguish it from the gateway READY event and will only emit under that name in v15. Please use clientReady instead.
(Use `node --trace-deprecation ...` to show where the warning was created)
[LOG] 2026-06-07T11:53:37.694Z 👥 Mengisi cache member berhasil.
[LOG] 2026-06-07T11:53:37.694Z ⏰ [AutoRank] Menjadwalkan pengecekan otomatis setiap 10 menit.
[ERR] 2026-06-07T11:53:38.682Z Gagal menulis quests.json: ENOENT: no such file or directory, open 'E:\Code\CrunchyVerse\database\quests.json'
[LOG] 2026-06-07T11:53:38.690Z 🎙️ [API/voice-channel] Menemukan 14 member aktif di voice channel 1435053596742914160 ("Aku tidak bisa bersabar lagi.")
[LOG] 2026-06-07T11:53:39.266Z 📡 [AUTOCRON] Menjalankan pengecekan status live TikTok otomatis untuk @jobetmaritoas...
[LOG] 2026-06-07T11:53:39.615Z 💤 [AUTOCRON] (Webcast API) @jobetmaritoas offline (status_code 30003).
[LOG] 2026-06-07T11:53:40.575Z 💤 [AUTOCRON] (Fallback) @jobetmaritoas sedang offline (Intermission).
[ERR] 2026-06-07T11:53:40.681Z Gagal menulis quests.json: ENOENT: no such file or directory, open 'E:\Code\CrunchyVerse\database\quests.json'
[ERR] 2026-06-07T11:53:42.682Z Gagal menulis quests.json: ENOENT: no such file or directory, open 'E:\Code\CrunchyVerse\database\quests.json'
[LOG] 2026-06-07T11:53:42.695Z 
⏰ [AutoRank] Menjalankan pengecekan otomatis rank role...
[LOG] 2026-06-07T11:53:42.700Z 📡 [API/leaderboard] Mengambil data real-time langsung dari Cakey Bot untuk Guild: "1403255548698300416"...
[LOG] 2026-06-07T11:53:43.667Z ✅ [API/leaderboard] Sukses meresolusi 3 Papan peringkat live langsung dari Cakey Bot!
[LOG] 2026-06-07T11:53:43.668Z 👥 [API/leaderboard] Menggunakan 350 member ter-cache.
[LOG] 2026-06-07T11:53:44.406Z 🔔 [AutoRank] Perubahan terdeteksi di "leveling": pertama kali → fuzulovefoxian|181
[ERR] 2026-06-07T11:53:44.685Z Gagal menulis quests.json: ENOENT: no such file or directory, open 'E:\Code\CrunchyVerse\database\quests.json'
[LOG] 2026-06-07T11:53:44.820Z 🔴 [AutoRank] Melepas role dari fuzulovefoxian
[LOG] 2026-06-07T11:53:45.811Z 🏆 [AutoRank] Role "🏆 Rank 1 Leveling: Level 181" → fuzulovefoxian (820154491654504458)
[ERR] 2026-06-07T11:53:46.682Z Gagal menulis quests.json: ENOENT: no such file or directory, open 'E:\Code\CrunchyVerse\database\quests.json'
[LOG] 2026-06-07T11:53:47.324Z 🔔 [AutoRank] Perubahan terdeteksi di "streak": pertama kali → fuzulovefoxian|202
[LOG] 2026-06-07T11:53:47.735Z 🔴 [AutoRank] Melepas role dari fuzulovefoxian
[LOG] 2026-06-07T11:53:48.642Z 🏆 [AutoRank] Role "🏆 Rank 1 Streak: ☀️ 202 Hari" → fuzulovefoxian (820154491654504458)
[ERR] 2026-06-07T11:53:48.683Z Gagal menulis quests.json: ENOENT: no such file or directory, open 'E:\Code\CrunchyVerse\database\quests.json'
[LOG] 2026-06-07T11:53:50.147Z 🔔 [AutoRank] Perubahan terdeteksi di "voice": pertama kali → palecursedvessel|2475
[LOG] 2026-06-07T11:53:50.285Z 
🔄 [OAuth] ====== Memulai sinkronisasi metadata Discord ======
[LOG] 2026-06-07T11:53:50.286Z ℹ️ [OAuth] Tidak ada akun yang terhubung untuk disinkronisasi.
[LOG] 2026-06-07T11:53:50.616Z 🔴 [AutoRank] Melepas role dari palecursedvessel
[ERR] 2026-06-07T11:53:50.686Z Gagal menulis quests.json: ENOENT: no such file or directory, open 'E:\Code\CrunchyVerse\database\quests.json'
