[LOG] 2026-06-08T13:53:16.595Z 🤖 Menghubungkan bot ke Discord...
[LOG] 2026-06-08T13:53:16.629Z 
======================================================
[LOG] 2026-06-08T13:53:16.629Z 🎪 Server API CrunchyVerse Bot berjalan dengan sukses!
[LOG] 2026-06-08T13:53:16.630Z 📡 URL API Lokal: http://localhost:3001
[LOG] 2026-06-08T13:53:16.630Z 🖥️  Endpoint Stats: http://localhost:3001/api/stats
[LOG] 2026-06-08T13:53:16.630Z ======================================================

[LOG] 2026-06-08T13:53:19.226Z ✅ Bot berhasil login sebagai KranciWib#6965!
[LOG] 2026-06-08T13:53:19.239Z [VoiceAFK SUCCESS] 20.53.19 - Bot VoiceAFK terintegrasi dengan CrunchyVerse (KranciWib#6965)
[LOG] 2026-06-08T13:53:19.240Z ⏰ [VoiceWatchdog] Auto-reconnect watchdog aktif (interval: 3 menit).
[LOG] 2026-06-08T13:53:19.240Z 🎪 Terhubung ke server: CrunchyVerse
[LOG] 2026-06-08T13:53:19.241Z 📡 [LiveStatusChannels] Mengubah nama channel 1480715185453793524 dari "⚫ AIRED" menjadi "🔴 Airing"
[LOG] 2026-06-08T13:53:19.242Z 📡 [LiveStatusChannels] Mengubah nama channel 1512685924771958846 dari "-" menjadi "Streaming 🎪 STAGE LIVE: Nobar Konser & Chit-chat Bareng Member Anomaly! 🍿"
[ERR] 2026-06-08T13:53:19.243Z (node:7388) DeprecationWarning: The ready event has been renamed to clientReady to distinguish it from the gateway READY event and will only emit under that name in v15. Please use clientReady instead.
(Use `node --trace-deprecation ...` to show where the warning was created)
[LOG] 2026-06-08T13:53:19.673Z 👥 Mengisi cache member berhasil.
[LOG] 2026-06-08T13:53:19.674Z ⏰ [AutoRank] Menjadwalkan pengecekan otomatis setiap 10 menit.
[LOG] 2026-06-08T13:53:20.609Z 📡 [AUTOCRON] Menjalankan pengecekan status live TikTok otomatis untuk @jobetmaritoas...
[LOG] 2026-06-08T13:53:20.929Z 💤 [AUTOCRON] (Webcast API) @jobetmaritoas offline (status_code 30003).
[LOG] 2026-06-08T13:53:20.929Z 📡 [LiveStatusChannels] Mengubah nama channel 1480715185453793524 dari "🔴 Airing" menjadi "⚫ AIRED"
[LOG] 2026-06-08T13:53:20.929Z 📡 [LiveStatusChannels] Mengubah nama channel 1512685924771958846 dari "Streaming 🎪 STAGE LIVE: Nobar Konser & Chit-chat Bareng Member Anomaly! 🍿" menjadi "-"
[LOG] 2026-06-08T13:53:21.531Z 💤 [AUTOCRON] (Fallback) @jobetmaritoas sedang offline (Intermission).
[LOG] 2026-06-08T13:53:24.687Z 
⏰ [AutoRank] Menjalankan pengecekan otomatis rank role...
[LOG] 2026-06-08T13:53:24.692Z 📡 [API/leaderboard] Mencoba fetch Cakey Bot (attempt 1/4)...
[LOG] 2026-06-08T13:53:25.099Z [KRPK-0421] WebSocket Gateway terbuka.
[LOG] 2026-06-08T13:53:25.646Z ✅ [API/leaderboard] Berhasil fetch Cakey Bot via attempt 1
[LOG] 2026-06-08T13:53:25.650Z ✅ [API/leaderboard] Sukses parse 3 papan peringkat dari Cakey Bot!
[LOG] 2026-06-08T13:53:25.650Z 👥 [API/leaderboard] Menggunakan 349 member ter-cache.
[LOG] 2026-06-08T13:53:26.446Z 🔔 [AutoRank] Perubahan terdeteksi di "leveling": pertama kali → fuzulovefoxian|184
[LOG] 2026-06-08T13:53:26.930Z 🔴 [AutoRank] Melepas role dari fuzulovefoxian
[LOG] 2026-06-08T13:53:27.883Z 🏆 [AutoRank] Role "🏆 Rank 1 Leveling: Level 184" → fuzulovefoxian (820154491654504458)
[LOG] 2026-06-08T13:53:29.396Z 🔔 [AutoRank] Perubahan terdeteksi di "streak": pertama kali → fuzulovefoxian|203
[LOG] 2026-06-08T13:53:29.948Z 🔴 [AutoRank] Melepas role dari fuzulovefoxian
[LOG] 2026-06-08T13:53:30.852Z 🏆 [AutoRank] Role "🏆 Rank 1 Streak: ☀️ 203 Hari" → fuzulovefoxian (820154491654504458)
[LOG] 2026-06-08T13:53:31.636Z 
🔄 [OAuth] ====== Memulai sinkronisasi metadata Discord ======
[LOG] 2026-06-08T13:53:31.636Z 👥 [OAuth] Mensinkronisasi 2 akun...
[LOG] 2026-06-08T13:53:31.637Z 📡 [OAuth] Updating connection metadata for @sim.tsx (ID: 661135501226672129)...
[LOG] 2026-06-08T13:53:31.640Z 📡 [API/leaderboard] Mencoba fetch Cakey Bot (attempt 1/4)...
[LOG] 2026-06-08T13:53:32.368Z 🔔 [AutoRank] Perubahan terdeteksi di "voice": pertama kali → palecursedvessel|2520
[LOG] 2026-06-08T13:53:32.778Z ✅ [AutoRank] Role "voice": "🏆 Rank 1 Voice: 2518 Hours" → "🏆 Rank 1 Voice: 2520 Hours"
[LOG] 2026-06-08T13:53:33.307Z 🔴 [AutoRank] Melepas role dari palecursedvessel
[LOG] 2026-06-08T13:53:33.674Z ✅ [API/leaderboard] Berhasil fetch Cakey Bot via attempt 1
[LOG] 2026-06-08T13:53:33.677Z ✅ [API/leaderboard] Sukses parse 3 papan peringkat dari Cakey Bot!
[LOG] 2026-06-08T13:53:33.677Z 👥 [API/leaderboard] Menggunakan 349 member ter-cache.
[LOG] 2026-06-08T13:53:34.065Z 📊 [OAuth] User Stats: [object Object]
[LOG] 2026-06-08T13:53:34.374Z 🏆 [AutoRank] Role "🏆 Rank 1 Voice: 2520 Hours" → palecursedvessel (1051027211160928276)
[LOG] 2026-06-08T13:53:34.601Z [KRPK-0421] Ghost user ready: sim.tsx#0
[LOG] 2026-06-08T13:53:34.603Z [KRPK-0421] Ghost SelfbotManager berhasil terhubung ke Gateway.
[LOG] 2026-06-08T13:53:34.612Z ✅ [OAuth] Successfully pushed stats to Discord for @sim.tsx
[LOG] 2026-06-08T13:53:35.517Z [KRPK-0421] Pesan kontrol diperbarui.
[LOG] 2026-06-08T13:53:35.881Z 🔔 [AutoRank] Perubahan terdeteksi di "cvWealth": pertama kali → palecursedvessel|28.516.128
[LOG] 2026-06-08T13:53:36.388Z 🔴 [AutoRank] Melepas role dari palecursedvessel
[LOG] 2026-06-08T13:53:36.624Z 📡 [OAuth] Updating connection metadata for @xymp_ (ID: 880751803883487283)...
[LOG] 2026-06-08T13:53:36.627Z 📡 [API/leaderboard] Mencoba fetch Cakey Bot (attempt 1/4)...
[LOG] 2026-06-08T13:53:37.133Z ✅ [API/leaderboard] Berhasil fetch Cakey Bot via attempt 1
[LOG] 2026-06-08T13:53:37.135Z ✅ [API/leaderboard] Sukses parse 3 papan peringkat dari Cakey Bot!
[LOG] 2026-06-08T13:53:37.135Z 👥 [API/leaderboard] Menggunakan 349 member ter-cache.
[LOG] 2026-06-08T13:53:37.346Z 🏆 [AutoRank] Role "🏆 Rank 1 Value Account: CV$ 28.516.128" → palecursedvessel (1051027211160928276)
[LOG] 2026-06-08T13:53:37.535Z 📊 [OAuth] User Stats: [object Object]
[LOG] 2026-06-08T13:53:37.969Z ✅ [OAuth] Successfully pushed stats to Discord for @xymp_
[LOG] 2026-06-08T13:53:38.850Z 🏆 [AutoRank] Update selesai: 4/4 role diperbarui · 4/4 berhasil di-assign ke juara
[LOG] 2026-06-08T13:53:39.971Z ✅ [OAuth] Sinkronisasi selesai.

[LOG] 2026-06-08T13:54:39.986Z 🎵 [JockieMusic] Track terdeteksi dari pesan bot (tanpa **): "[00:00] • ​ I Did Something Bad - Taylor Swift"
[LOG] 2026-06-08T13:56:16.601Z 📡 [AUTOCRON] Menjalankan pengecekan status live TikTok otomatis untuk @jobetmaritoas...
[LOG] 2026-06-08T13:56:16.881Z 💤 [AUTOCRON] (Webcast API) @jobetmaritoas offline (status_code 30003).
[LOG] 2026-06-08T13:56:17.550Z 💤 [AUTOCRON] (Fallback) @jobetmaritoas sedang offline (Intermission).
[LOG] 2026-06-08T13:58:38.188Z 🎵 [JockieMusic] Track terdeteksi dari pesan bot (tanpa **): "[00:00] • ​ Gorgeous - Taylor Swift"
[LOG] 2026-06-08T13:59:16.616Z 📡 [AUTOCRON] Menjalankan pengecekan status live TikTok otomatis untuk @jobetmaritoas...
[LOG] 2026-06-08T13:59:16.893Z 💤 [AUTOCRON] (Webcast API) @jobetmaritoas offline (status_code 30003).
[LOG] 2026-06-08T13:59:17.571Z 💤 [AUTOCRON] (Fallback) @jobetmaritoas sedang offline (Intermission).
[LOG] 2026-06-08T14:02:07.976Z 🎵 [JockieMusic] Track terdeteksi dari pesan bot (tanpa **): "[00:00] • ​ Lover - Taylor Swift"
[LOG] 2026-06-08T14:02:16.626Z 📡 [AUTOCRON] Menjalankan pengecekan status live TikTok otomatis untuk @jobetmaritoas...
[LOG] 2026-06-08T14:02:16.933Z 💤 [AUTOCRON] (Webcast API) @jobetmaritoas offline (status_code 30003).
[LOG] 2026-06-08T14:02:17.650Z 💤 [AUTOCRON] (Fallback) @jobetmaritoas sedang offline (Intermission).
[LOG] 2026-06-08T14:03:19.677Z 
⏰ [AutoRank] Menjalankan pengecekan otomatis rank role...
[LOG] 2026-06-08T14:03:19.680Z 📡 [API/leaderboard] Mencoba fetch Cakey Bot (attempt 1/4)...
[LOG] 2026-06-08T14:03:20.903Z ✅ [API/leaderboard] Berhasil fetch Cakey Bot via attempt 1
[LOG] 2026-06-08T14:03:20.906Z ✅ [API/leaderboard] Sukses parse 3 papan peringkat dari Cakey Bot!
[LOG] 2026-06-08T14:03:20.907Z 👥 [API/leaderboard] Menggunakan 349 member ter-cache.
[LOG] 2026-06-08T14:03:22.308Z 🔔 [AutoRank] Perubahan terdeteksi di "voice": palecursedvessel|2520 → palecursedvessel|2521
[LOG] 2026-06-08T14:03:22.817Z 🔴 [AutoRank] Melepas role dari palecursedvessel
[LOG] 2026-06-08T14:03:23.842Z 🏆 [AutoRank] Role "🏆 Rank 1 Voice: 2521 Hours" → palecursedvessel (1051027211160928276)
[LOG] 2026-06-08T14:03:25.350Z 🏆 [AutoRank] Update selesai: 1/4 role diperbarui · 1/4 berhasil di-assign ke juara
[LOG] 2026-06-08T14:05:16.629Z 📡 [AUTOCRON] Menjalankan pengecekan status live TikTok otomatis untuk @jobetmaritoas...
[LOG] 2026-06-08T14:05:17.046Z 💤 [AUTOCRON] (Webcast API) @jobetmaritoas offline (status_code 30003).
[LOG] 2026-06-08T14:05:17.686Z 💤 [AUTOCRON] (Fallback) @jobetmaritoas sedang offline (Intermission).
[LOG] 2026-06-08T14:05:25.176Z 🔔 [Reaction] Menerima reaksi ✅ dari @drenzore pada pesan ID 1513544298283401287
[ERR] 2026-06-08T14:05:25.726Z [2026-06-08T14:05:25.726Z]  @firebase/firestore: Firestore (12.14.0): Could not reach Cloud Firestore backend. Connection failed 1 times. Most recent error: FirebaseError: [code=permission-denied]: 7 PERMISSION_DENIED: Cloud Firestore API has not been used in project crunchyweb before or it is disabled. Enable it by visiting https://console.developers.google.com/apis/api/firestore.googleapis.com/overview?project=crunchyweb then retry. If you enabled this API recently, wait a few minutes for the action to propagate to our systems and retry.
This typically indicates that your device does not have a healthy Internet connection at the moment. The client will operate in offline mode until it is able to successfully connect to the backend.
[LOG] 2026-06-08T14:05:25.727Z ⚠️ [Reaction] Tidak ditemukan data submission (lokal maupun Firestore) untuk message ID: 1513544298283401287
[LOG] 2026-06-08T14:05:35.801Z 🔔 [Reaction] Menerima reaksi ✅ dari @sim.tsx pada pesan ID 1513544298283401287
[LOG] 2026-06-08T14:05:35.908Z ⚠️ [Reaction] Tidak ditemukan data submission (lokal maupun Firestore) untuk message ID: 1513544298283401287
[LOG] 2026-06-08T14:05:49.177Z 🎵 [JockieMusic] Track terdeteksi dari pesan bot (tanpa **): "[00:00] • ​ Opalite - Taylor Swift"
[LOG] 2026-06-08T14:08:16.639Z 
🔄 [OAuth] ====== Memulai sinkronisasi metadata Discord ======
[LOG] 2026-06-08T14:08:16.640Z 👥 [OAuth] Mensinkronisasi 2 akun...
[LOG] 2026-06-08T14:08:16.641Z 📡 [OAuth] Updating connection metadata for @sim.tsx (ID: 661135501226672129)...
[LOG] 2026-06-08T14:08:16.642Z 📡 [AUTOCRON] Menjalankan pengecekan status live TikTok otomatis untuk @jobetmaritoas...
[LOG] 2026-06-08T14:08:16.644Z 📡 [API/leaderboard] Mencoba fetch Cakey Bot (attempt 1/4)...
[LOG] 2026-06-08T14:08:19.461Z ✅ [API/leaderboard] Berhasil fetch Cakey Bot via attempt 1
[LOG] 2026-06-08T14:08:19.464Z ✅ [API/leaderboard] Sukses parse 3 papan peringkat dari Cakey Bot!
[LOG] 2026-06-08T14:08:19.464Z 👥 [API/leaderboard] Menggunakan 349 member ter-cache.
[LOG] 2026-06-08T14:08:20.057Z 💤 [AUTOCRON] (Webcast API) @jobetmaritoas offline (status_code 30003).
[LOG] 2026-06-08T14:08:22.366Z 📊 [OAuth] User Stats: [object Object]
[LOG] 2026-06-08T14:08:22.814Z ✅ [OAuth] Successfully pushed stats to Discord for @sim.tsx
[LOG] 2026-06-08T14:08:24.289Z 💤 [AUTOCRON] (Fallback) @jobetmaritoas sedang offline (Intermission).
[LOG] 2026-06-08T14:08:24.820Z 📡 [OAuth] Updating connection metadata for @xymp_ (ID: 880751803883487283)...
[LOG] 2026-06-08T14:08:24.821Z 📡 [API/leaderboard] Mencoba fetch Cakey Bot (attempt 1/4)...
[LOG] 2026-06-08T14:08:26.671Z ✅ [API/leaderboard] Berhasil fetch Cakey Bot via attempt 1
[LOG] 2026-06-08T14:08:26.673Z ✅ [API/leaderboard] Sukses parse 3 papan peringkat dari Cakey Bot!
[LOG] 2026-06-08T14:08:26.673Z 👥 [API/leaderboard] Menggunakan 349 member ter-cache.
[LOG] 2026-06-08T14:08:28.218Z 📊 [OAuth] User Stats: [object Object]
[LOG] 2026-06-08T14:08:28.563Z ✅ [OAuth] Successfully pushed stats to Discord for @xymp_
[LOG] 2026-06-08T14:08:30.576Z ✅ [OAuth] Sinkronisasi selesai.

[LOG] 2026-06-08T14:09:45.719Z 🎵 [JockieMusic] Track terdeteksi dari pesan bot (tanpa **): "[00:00] • ​ The Fate of Ophelia - Taylor Swift"
[LOG] 2026-06-08T14:11:16.656Z 📡 [AUTOCRON] Menjalankan pengecekan status live TikTok otomatis untuk @jobetmaritoas...
[LOG] 2026-06-08T14:11:17.091Z 💤 [AUTOCRON] (Webcast API) @jobetmaritoas offline (status_code 30003).
[LOG] 2026-06-08T14:11:18.516Z 💤 [AUTOCRON] (Fallback) @jobetmaritoas sedang offline (Intermission).
[LOG] 2026-06-08T14:13:19.691Z 
⏰ [AutoRank] Menjalankan pengecekan otomatis rank role...
[LOG] 2026-06-08T14:13:19.693Z 📡 [API/leaderboard] Mencoba fetch Cakey Bot (attempt 1/4)...
[LOG] 2026-06-08T14:13:22.155Z ✅ [API/leaderboard] Berhasil fetch Cakey Bot via attempt 1
[LOG] 2026-06-08T14:13:22.157Z ✅ [API/leaderboard] Sukses parse 3 papan peringkat dari Cakey Bot!
[LOG] 2026-06-08T14:13:22.157Z 👥 [API/leaderboard] Menggunakan 349 member ter-cache.
[LOG] 2026-06-08T14:13:23.070Z ✅ [AutoRank] Tidak ada perubahan peringkat — role tetap relevan.
[LOG] 2026-06-08T14:13:31.521Z 🎵 [JockieMusic] Track terdeteksi dari pesan bot (tanpa **): "[00:00] • ​ Style (Taylor's Version) - Taylor Swift"
[LOG] 2026-06-08T14:14:16.669Z 📡 [AUTOCRON] Menjalankan pengecekan status live TikTok otomatis untuk @jobetmaritoas...
[LOG] 2026-06-08T14:14:16.872Z 💤 [AUTOCRON] (Webcast API) @jobetmaritoas offline (status_code 30003).
[LOG] 2026-06-08T14:14:17.540Z 💤 [AUTOCRON] (Fallback) @jobetmaritoas sedang offline (Intermission).
[LOG] 2026-06-08T14:17:16.678Z 📡 [AUTOCRON] Menjalankan pengecekan status live TikTok otomatis untuk @jobetmaritoas...
[LOG] 2026-06-08T14:17:16.880Z 💤 [AUTOCRON] (Webcast API) @jobetmaritoas offline (status_code 30003).
[LOG] 2026-06-08T14:17:18.648Z 💤 [AUTOCRON] (Fallback) @jobetmaritoas sedang offline (Intermission).
[LOG] 2026-06-08T14:17:21.885Z 🎵 [JockieMusic] Track terdeteksi dari pesan bot (tanpa **): "[00:00] • ​ Cruel Summer - Taylor Swift"
[LOG] 2026-06-08T14:20:16.679Z 📡 [AUTOCRON] Menjalankan pengecekan status live TikTok otomatis untuk @jobetmaritoas...
[LOG] 2026-06-08T14:20:16.898Z 💤 [AUTOCRON] (Webcast API) @jobetmaritoas offline (status_code 30003).
[LOG] 2026-06-08T14:20:18.593Z 💤 [AUTOCRON] (Fallback) @jobetmaritoas sedang offline (Intermission).
[LOG] 2026-06-08T14:20:20.404Z 🎵 [JockieMusic] Track terdeteksi dari pesan bot (tanpa **): "[00:00] • ​ Blank Space (Taylor's Version) - Taylor Swift"
[LOG] 2026-06-08T14:23:16.648Z 
🔄 [OAuth] ====== Memulai sinkronisasi metadata Discord ======
[LOG] 2026-06-08T14:23:16.649Z 👥 [OAuth] Mensinkronisasi 2 akun...
[LOG] 2026-06-08T14:23:16.649Z 📡 [OAuth] Updating connection metadata for @sim.tsx (ID: 661135501226672129)...
[LOG] 2026-06-08T14:23:16.651Z 📡 [API/leaderboard] Mencoba fetch Cakey Bot (attempt 1/4)...
[LOG] 2026-06-08T14:23:16.680Z 📡 [AUTOCRON] Menjalankan pengecekan status live TikTok otomatis untuk @jobetmaritoas...
[LOG] 2026-06-08T14:23:16.907Z 💤 [AUTOCRON] (Webcast API) @jobetmaritoas offline (status_code 30003).
[LOG] 2026-06-08T14:23:17.506Z 💤 [AUTOCRON] (Fallback) @jobetmaritoas sedang offline (Intermission).
[LOG] 2026-06-08T14:23:17.705Z ✅ [API/leaderboard] Berhasil fetch Cakey Bot via attempt 1
[LOG] 2026-06-08T14:23:17.707Z ✅ [API/leaderboard] Sukses parse 3 papan peringkat dari Cakey Bot!
[LOG] 2026-06-08T14:23:17.707Z 👥 [API/leaderboard] Menggunakan 349 member ter-cache.
[LOG] 2026-06-08T14:23:18.220Z 📊 [OAuth] User Stats: [object Object]
[LOG] 2026-06-08T14:23:18.740Z ✅ [OAuth] Successfully pushed stats to Discord for @sim.tsx
[LOG] 2026-06-08T14:23:19.692Z 
⏰ [AutoRank] Menjalankan pengecekan otomatis rank role...
[LOG] 2026-06-08T14:23:19.693Z 📡 [API/leaderboard] Mencoba fetch Cakey Bot (attempt 1/4)...
[LOG] 2026-06-08T14:23:20.174Z ✅ [API/leaderboard] Berhasil fetch Cakey Bot via attempt 1
[LOG] 2026-06-08T14:23:20.176Z ✅ [API/leaderboard] Sukses parse 3 papan peringkat dari Cakey Bot!
[LOG] 2026-06-08T14:23:20.176Z 👥 [API/leaderboard] Menggunakan 349 member ter-cache.
[LOG] 2026-06-08T14:23:20.742Z 📡 [OAuth] Updating connection metadata for @xymp_ (ID: 880751803883487283)...
[LOG] 2026-06-08T14:23:20.743Z 📡 [API/leaderboard] Mencoba fetch Cakey Bot (attempt 1/4)...
[LOG] 2026-06-08T14:23:21.035Z ✅ [AutoRank] Tidak ada perubahan peringkat — role tetap relevan.
[LOG] 2026-06-08T14:23:21.257Z ✅ [API/leaderboard] Berhasil fetch Cakey Bot via attempt 1
[LOG] 2026-06-08T14:23:21.260Z ✅ [API/leaderboard] Sukses parse 3 papan peringkat dari Cakey Bot!
[LOG] 2026-06-08T14:23:21.260Z 👥 [API/leaderboard] Menggunakan 349 member ter-cache.
[LOG] 2026-06-08T14:23:21.936Z 📊 [OAuth] User Stats: [object Object]
[LOG] 2026-06-08T14:23:22.292Z ✅ [OAuth] Successfully pushed stats to Discord for @xymp_
[LOG] 2026-06-08T14:23:24.300Z ✅ [OAuth] Sinkronisasi selesai.

[LOG] 2026-06-08T14:24:12.209Z 🎵 [JockieMusic] Track terdeteksi dari pesan bot (tanpa **): "[00:00] • ​ You Need To Calm Down - Taylor Swift"
[LOG] 2026-06-08T14:26:16.694Z 📡 [AUTOCRON] Menjalankan pengecekan status live TikTok otomatis untuk @jobetmaritoas...
[LOG] 2026-06-08T14:26:16.895Z 💤 [AUTOCRON] (Webcast API) @jobetmaritoas offline (status_code 30003).
[LOG] 2026-06-08T14:26:17.431Z 💤 [AUTOCRON] (Fallback) @jobetmaritoas sedang offline (Intermission).
[LOG] 2026-06-08T14:27:03.667Z 🎵 [JockieMusic] Track terdeteksi dari pesan bot (tanpa **): "[00:00] • ​ Espresso - Sabrina Carpenter"
[LOG] 2026-06-08T14:29:16.700Z 📡 [AUTOCRON] Menjalankan pengecekan status live TikTok otomatis untuk @jobetmaritoas...
[LOG] 2026-06-08T14:29:16.980Z 💤 [AUTOCRON] (Webcast API) @jobetmaritoas offline (status_code 30003).
[LOG] 2026-06-08T14:29:19.284Z 💤 [AUTOCRON] (Fallback) @jobetmaritoas sedang offline (Intermission).
[LOG] 2026-06-08T14:29:59.000Z 🎵 [JockieMusic] Track terdeteksi dari pesan bot (tanpa **): "[00:00] • ​ Elizabeth Taylor - Taylor Swift"
[LOG] 2026-06-08T14:32:16.708Z 📡 [AUTOCRON] Menjalankan pengecekan status live TikTok otomatis untuk @jobetmaritoas...
[LOG] 2026-06-08T14:32:16.919Z 💤 [AUTOCRON] (Webcast API) @jobetmaritoas offline (status_code 30003).
[LOG] 2026-06-08T14:32:18.805Z 💤 [AUTOCRON] (Fallback) @jobetmaritoas sedang offline (Intermission).
[LOG] 2026-06-08T14:33:19.705Z 
⏰ [AutoRank] Menjalankan pengecekan otomatis rank role...
[LOG] 2026-06-08T14:33:19.708Z 📡 [API/leaderboard] Mencoba fetch Cakey Bot (attempt 1/4)...
[LOG] 2026-06-08T14:33:21.751Z ✅ [API/leaderboard] Berhasil fetch Cakey Bot via attempt 1
[LOG] 2026-06-08T14:33:21.754Z ✅ [API/leaderboard] Sukses parse 3 papan peringkat dari Cakey Bot!
[LOG] 2026-06-08T14:33:21.754Z 👥 [API/leaderboard] Menggunakan 349 member ter-cache.
[LOG] 2026-06-08T14:33:22.777Z ✅ [AutoRank] Tidak ada perubahan peringkat — role tetap relevan.
[LOG] 2026-06-08T14:33:27.512Z 🎵 [JockieMusic] Track terdeteksi dari pesan bot (tanpa **): "[00:00] • ​ Anti-Hero - Taylor Swift"
[LOG] 2026-06-08T14:35:16.710Z 📡 [AUTOCRON] Menjalankan pengecekan status live TikTok otomatis untuk @jobetmaritoas...
[LOG] 2026-06-08T14:35:17.305Z 💤 [AUTOCRON] (Webcast API) @jobetmaritoas offline (status_code 30003).
[LOG] 2026-06-08T14:35:17.895Z 💤 [AUTOCRON] (Fallback) @jobetmaritoas sedang offline (Intermission).
[LOG] 2026-06-08T14:36:04.854Z 🔔 [Reaction] Menerima reaksi ✅ dari @drenzore pada pesan ID 1513552127622909977
[LOG] 2026-06-08T14:36:04.923Z ⚠️ [Reaction] Tidak ditemukan data submission (lokal maupun Firestore) untuk message ID: 1513552127622909977
[LOG] 2026-06-08T14:36:48.060Z 🎵 [JockieMusic] Track terdeteksi dari pesan bot (tanpa **): "[00:00] • ​ Lover - Taylor Swift"
[LOG] 2026-06-08T14:38:16.655Z 
🔄 [OAuth] ====== Memulai sinkronisasi metadata Discord ======
[LOG] 2026-06-08T14:38:16.656Z 👥 [OAuth] Mensinkronisasi 2 akun...
[LOG] 2026-06-08T14:38:16.656Z 📡 [OAuth] Updating connection metadata for @sim.tsx (ID: 661135501226672129)...
[LOG] 2026-06-08T14:38:16.657Z 📡 [API/leaderboard] Mencoba fetch Cakey Bot (attempt 1/4)...
[LOG] 2026-06-08T14:38:16.711Z 📡 [AUTOCRON] Menjalankan pengecekan status live TikTok otomatis untuk @jobetmaritoas...
[LOG] 2026-06-08T14:38:17.802Z ✅ [API/leaderboard] Berhasil fetch Cakey Bot via attempt 1
[LOG] 2026-06-08T14:38:17.805Z ✅ [API/leaderboard] Sukses parse 3 papan peringkat dari Cakey Bot!
[LOG] 2026-06-08T14:38:17.805Z 👥 [API/leaderboard] Menggunakan 349 member ter-cache.
[LOG] 2026-06-08T14:38:18.094Z 💤 [AUTOCRON] (Webcast API) @jobetmaritoas offline (status_code 30003).
[LOG] 2026-06-08T14:38:18.387Z 📊 [OAuth] User Stats: [object Object]
[LOG] 2026-06-08T14:38:18.752Z ✅ [OAuth] Successfully pushed stats to Discord for @sim.tsx
[LOG] 2026-06-08T14:38:20.766Z 📡 [OAuth] Updating connection metadata for @xymp_ (ID: 880751803883487283)...
[LOG] 2026-06-08T14:38:20.768Z 📡 [API/leaderboard] Mencoba fetch Cakey Bot (attempt 1/4)...
[LOG] 2026-06-08T14:38:21.274Z ✅ [API/leaderboard] Berhasil fetch Cakey Bot via attempt 1
[LOG] 2026-06-08T14:38:21.276Z ✅ [API/leaderboard] Sukses parse 3 papan peringkat dari Cakey Bot!
[LOG] 2026-06-08T14:38:21.276Z 👥 [API/leaderboard] Menggunakan 349 member ter-cache.
[LOG] 2026-06-08T14:38:21.681Z 📊 [OAuth] User Stats: [object Object]
[LOG] 2026-06-08T14:38:22.044Z ✅ [OAuth] Successfully pushed stats to Discord for @xymp_
[ERR] 2026-06-08T14:38:23.254Z ⚠️ [AUTOCRON] Gagal melakukan pengecekan live otomatis untuk @jobetmaritoas: fetch failed
[LOG] 2026-06-08T14:38:24.059Z ✅ [OAuth] Sinkronisasi selesai.

[LOG] 2026-06-08T14:40:29.367Z 🎵 [JockieMusic] Track terdeteksi dari pesan bot (tanpa **): "[00:00] • ​ Wildest Dreams - Taylor Swift"
[LOG] 2026-06-08T14:41:16.721Z 📡 [AUTOCRON] Menjalankan pengecekan status live TikTok otomatis untuk @jobetmaritoas...
[LOG] 2026-06-08T14:41:17.005Z 💤 [AUTOCRON] (Webcast API) @jobetmaritoas offline (status_code 30003).
[LOG] 2026-06-08T14:41:17.649Z 💤 [AUTOCRON] (Fallback) @jobetmaritoas sedang offline (Intermission).
[LOG] 2026-06-08T14:43:19.718Z 
⏰ [AutoRank] Menjalankan pengecekan otomatis rank role...
[LOG] 2026-06-08T14:43:19.721Z 📡 [API/leaderboard] Mencoba fetch Cakey Bot (attempt 1/4)...
[LOG] 2026-06-08T14:43:20.882Z ✅ [API/leaderboard] Berhasil fetch Cakey Bot via attempt 1
[LOG] 2026-06-08T14:43:20.885Z ✅ [API/leaderboard] Sukses parse 3 papan peringkat dari Cakey Bot!
[LOG] 2026-06-08T14:43:20.886Z 👥 [API/leaderboard] Menggunakan 349 member ter-cache.
[LOG] 2026-06-08T14:43:22.023Z ✅ [AutoRank] Tidak ada perubahan peringkat — role tetap relevan.
[LOG] 2026-06-08T14:44:09.824Z 🎵 [JockieMusic] Track terdeteksi dari pesan bot (tanpa **): "[00:00] • ​ We Are Never Ever Getting Back Together (Taylor's Version) - Taylor Swift"
[LOG] 2026-06-08T14:44:16.722Z 📡 [AUTOCRON] Menjalankan pengecekan status live TikTok otomatis untuk @jobetmaritoas...
[LOG] 2026-06-08T14:44:18.292Z 💤 [AUTOCRON] (Webcast API) @jobetmaritoas offline (status_code 30003).
[LOG] 2026-06-08T14:44:19.112Z 💤 [AUTOCRON] (Fallback) @jobetmaritoas sedang offline (Intermission).
[LOG] 2026-06-08T14:47:16.722Z 📡 [AUTOCRON] Menjalankan pengecekan status live TikTok otomatis untuk @jobetmaritoas...
[LOG] 2026-06-08T14:47:17.060Z 💤 [AUTOCRON] (Webcast API) @jobetmaritoas offline (status_code 30003).
[LOG] 2026-06-08T14:47:19.185Z 💤 [AUTOCRON] (Fallback) @jobetmaritoas sedang offline (Intermission).
[LOG] 2026-06-08T14:47:23.022Z 🎵 [JockieMusic] Track terdeteksi dari pesan bot (tanpa **): "[00:00] • ​ Love Story (Taylor’s Version) - Taylor Swift"
[LOG] 2026-06-08T14:50:16.724Z 📡 [AUTOCRON] Menjalankan pengecekan status live TikTok otomatis untuk @jobetmaritoas...
[LOG] 2026-06-08T14:50:17.038Z 💤 [AUTOCRON] (Webcast API) @jobetmaritoas offline (status_code 30003).
[LOG] 2026-06-08T14:50:17.804Z 💤 [AUTOCRON] (Fallback) @jobetmaritoas sedang offline (Intermission).
[LOG] 2026-06-08T14:51:18.897Z 🎵 [JockieMusic] Track terdeteksi dari pesan bot (tanpa **): "[00:00] • ​ You Belong With Me (Taylor’s Version) - Taylor Swift"
[LOG] 2026-06-08T14:53:14.961Z 🔔 [Reaction] Menerima reaksi ✅ dari @drenzore pada pesan ID 1513545936280752159
[LOG] 2026-06-08T14:53:15.031Z ⚠️ [Reaction] Tidak ditemukan data submission (lokal maupun Firestore) untuk message ID: 1513545936280752159
[LOG] 2026-06-08T14:53:16.663Z 
🔄 [OAuth] ====== Memulai sinkronisasi metadata Discord ======
[LOG] 2026-06-08T14:53:16.664Z 👥 [OAuth] Mensinkronisasi 2 akun...
[LOG] 2026-06-08T14:53:16.664Z 📡 [OAuth] Updating connection metadata for @sim.tsx (ID: 661135501226672129)...
[LOG] 2026-06-08T14:53:16.666Z 📡 [API/leaderboard] Mencoba fetch Cakey Bot (attempt 1/4)...
[LOG] 2026-06-08T14:53:16.726Z 📡 [AUTOCRON] Menjalankan pengecekan status live TikTok otomatis untuk @jobetmaritoas...
[LOG] 2026-06-08T14:53:16.958Z 💤 [AUTOCRON] (Webcast API) @jobetmaritoas offline (status_code 30003).
[LOG] 2026-06-08T14:53:17.714Z 💤 [AUTOCRON] (Fallback) @jobetmaritoas sedang offline (Intermission).
[LOG] 2026-06-08T14:53:17.745Z ✅ [API/leaderboard] Berhasil fetch Cakey Bot via attempt 1
[LOG] 2026-06-08T14:53:17.747Z ✅ [API/leaderboard] Sukses parse 3 papan peringkat dari Cakey Bot!
[LOG] 2026-06-08T14:53:17.747Z 👥 [API/leaderboard] Menggunakan 349 member ter-cache.
[LOG] 2026-06-08T14:53:18.304Z 📊 [OAuth] User Stats: [object Object]
[LOG] 2026-06-08T14:53:18.714Z ✅ [OAuth] Successfully pushed stats to Discord for @sim.tsx
[LOG] 2026-06-08T14:53:19.725Z 
⏰ [AutoRank] Menjalankan pengecekan otomatis rank role...
[LOG] 2026-06-08T14:53:19.726Z 📡 [API/leaderboard] Mencoba fetch Cakey Bot (attempt 1/4)...
[LOG] 2026-06-08T14:53:20.279Z ✅ [API/leaderboard] Berhasil fetch Cakey Bot via attempt 1
[LOG] 2026-06-08T14:53:20.284Z ✅ [API/leaderboard] Sukses parse 3 papan peringkat dari Cakey Bot!
[LOG] 2026-06-08T14:53:20.284Z 👥 [API/leaderboard] Menggunakan 349 member ter-cache.
[LOG] 2026-06-08T14:53:20.718Z 📡 [OAuth] Updating connection metadata for @xymp_ (ID: 880751803883487283)...
[LOG] 2026-06-08T14:53:20.720Z 📡 [API/leaderboard] Mencoba fetch Cakey Bot (attempt 1/4)...
[LOG] 2026-06-08T14:53:21.231Z ✅ [AutoRank] Tidak ada perubahan peringkat — role tetap relevan.
[LOG] 2026-06-08T14:53:21.239Z ✅ [API/leaderboard] Berhasil fetch Cakey Bot via attempt 1
[LOG] 2026-06-08T14:53:21.243Z ✅ [API/leaderboard] Sukses parse 3 papan peringkat dari Cakey Bot!
[LOG] 2026-06-08T14:53:21.244Z 👥 [API/leaderboard] Menggunakan 349 member ter-cache.
[LOG] 2026-06-08T14:53:21.669Z 📊 [OAuth] User Stats: [object Object]
[LOG] 2026-06-08T14:53:22.065Z ✅ [OAuth] Successfully pushed stats to Discord for @xymp_
[LOG] 2026-06-08T14:53:24.069Z ✅ [OAuth] Sinkronisasi selesai.

[LOG] 2026-06-08T14:55:10.121Z 🎵 [JockieMusic] Track terdeteksi dari pesan bot (tanpa **): "[00:00] • ​ Red (Taylor's Version) - Taylor Swift"
[LOG] 2026-06-08T14:56:16.726Z 📡 [AUTOCRON] Menjalankan pengecekan status live TikTok otomatis untuk @jobetmaritoas...
[LOG] 2026-06-08T14:56:17.092Z 💤 [AUTOCRON] (Webcast API) @jobetmaritoas offline (status_code 30003).
[LOG] 2026-06-08T14:56:17.714Z 💤 [AUTOCRON] (Fallback) @jobetmaritoas sedang offline (Intermission).
[LOG] 2026-06-08T14:58:53.244Z 🎵 [JockieMusic] Track terdeteksi dari pesan bot (tanpa **): "[00:00] • ​ Golden - HUNTR/X"
[LOG] 2026-06-08T14:59:16.728Z 📡 [AUTOCRON] Menjalankan pengecekan status live TikTok otomatis untuk @jobetmaritoas...
[LOG] 2026-06-08T14:59:17.081Z 💤 [AUTOCRON] (Webcast API) @jobetmaritoas offline (status_code 30003).
[LOG] 2026-06-08T14:59:18.781Z 💤 [AUTOCRON] (Fallback) @jobetmaritoas sedang offline (Intermission).
[LOG] 2026-06-08T15:02:08.220Z 🎵 [JockieMusic] Track terdeteksi dari pesan bot (tanpa **): "[00:00] • ​ Levitating (feat. DaBaby) - Dua Lipa"
[LOG] 2026-06-08T15:02:16.729Z 📡 [AUTOCRON] Menjalankan pengecekan status live TikTok otomatis untuk @jobetmaritoas...
[LOG] 2026-06-08T15:02:17.117Z 💤 [AUTOCRON] (Webcast API) @jobetmaritoas offline (status_code 30003).
[LOG] 2026-06-08T15:02:20.937Z 💤 [AUTOCRON] (Fallback) @jobetmaritoas sedang offline (Intermission).
[LOG] 2026-06-08T15:03:19.728Z 
⏰ [AutoRank] Menjalankan pengecekan otomatis rank role...
[LOG] 2026-06-08T15:03:19.731Z 📡 [API/leaderboard] Mencoba fetch Cakey Bot (attempt 1/4)...
[LOG] 2026-06-08T15:03:21.138Z ✅ [API/leaderboard] Berhasil fetch Cakey Bot via attempt 1
[LOG] 2026-06-08T15:03:21.141Z ✅ [API/leaderboard] Sukses parse 3 papan peringkat dari Cakey Bot!
[LOG] 2026-06-08T15:03:21.142Z 👥 [API/leaderboard] Menggunakan 349 member ter-cache.
[LOG] 2026-06-08T15:03:22.148Z 🔔 [AutoRank] Perubahan terdeteksi di "voice": palecursedvessel|2521 → palecursedvessel|2522
[LOG] 2026-06-08T15:03:22.523Z ✅ [AutoRank] Role "voice": "🏆 Rank 1 Voice: 2522 Hours" → "🏆 Rank 1 Voice: 2522 Hours"
[LOG] 2026-06-08T15:03:23.041Z 🔴 [AutoRank] Melepas role dari palecursedvessel
[LOG] 2026-06-08T15:03:24.125Z 🏆 [AutoRank] Role "🏆 Rank 1 Voice: 2522 Hours" → palecursedvessel (1051027211160928276)
[LOG] 2026-06-08T15:03:25.630Z 🏆 [AutoRank] Update selesai: 1/4 role diperbarui · 1/4 berhasil di-assign ke juara
[LOG] 2026-06-08T15:05:16.733Z 📡 [AUTOCRON] Menjalankan pengecekan status live TikTok otomatis untuk @jobetmaritoas...
[LOG] 2026-06-08T15:05:17.084Z 💤 [AUTOCRON] (Webcast API) @jobetmaritoas offline (status_code 30003).
[LOG] 2026-06-08T15:05:17.717Z 💤 [AUTOCRON] (Fallback) @jobetmaritoas sedang offline (Intermission).
[LOG] 2026-06-08T15:05:31.119Z 🎵 [JockieMusic] Track terdeteksi dari pesan bot (tanpa **): "[00:00] • ​ Flowers - Miley Cyrus"
[LOG] 2026-06-08T15:08:16.670Z 
🔄 [OAuth] ====== Memulai sinkronisasi metadata Discord ======
[LOG] 2026-06-08T15:08:16.671Z 👥 [OAuth] Mensinkronisasi 2 akun...
[LOG] 2026-06-08T15:08:16.671Z 📡 [OAuth] Updating connection metadata for @sim.tsx (ID: 661135501226672129)...
[LOG] 2026-06-08T15:08:16.673Z 📡 [API/leaderboard] Mencoba fetch Cakey Bot (attempt 1/4)...
[LOG] 2026-06-08T15:08:16.741Z 📡 [AUTOCRON] Menjalankan pengecekan status live TikTok otomatis untuk @jobetmaritoas...
[LOG] 2026-06-08T15:08:17.455Z 💤 [AUTOCRON] (Webcast API) @jobetmaritoas offline (status_code 30003).
[LOG] 2026-06-08T15:08:18.172Z 💤 [AUTOCRON] (Fallback) @jobetmaritoas sedang offline (Intermission).
[LOG] 2026-06-08T15:08:18.455Z ✅ [API/leaderboard] Berhasil fetch Cakey Bot via attempt 1
[LOG] 2026-06-08T15:08:18.457Z ✅ [API/leaderboard] Sukses parse 3 papan peringkat dari Cakey Bot!
[LOG] 2026-06-08T15:08:18.457Z 👥 [API/leaderboard] Menggunakan 349 member ter-cache.
[LOG] 2026-06-08T15:08:19.034Z 📊 [OAuth] User Stats: [object Object]
[LOG] 2026-06-08T15:08:19.404Z ✅ [OAuth] Successfully pushed stats to Discord for @sim.tsx
[LOG] 2026-06-08T15:08:21.412Z 📡 [OAuth] Updating connection metadata for @xymp_ (ID: 880751803883487283)...
[LOG] 2026-06-08T15:08:21.414Z 📡 [API/leaderboard] Mencoba fetch Cakey Bot (attempt 1/4)...
[LOG] 2026-06-08T15:08:22.951Z ✅ [API/leaderboard] Berhasil fetch Cakey Bot via attempt 1
[LOG] 2026-06-08T15:08:22.952Z ✅ [API/leaderboard] Sukses parse 3 papan peringkat dari Cakey Bot!
[LOG] 2026-06-08T15:08:22.952Z 👥 [API/leaderboard] Menggunakan 349 member ter-cache.
[LOG] 2026-06-08T15:08:23.418Z 📊 [OAuth] User Stats: [object Object]
[LOG] 2026-06-08T15:08:23.852Z ✅ [OAuth] Successfully pushed stats to Discord for @xymp_
[LOG] 2026-06-08T15:08:25.857Z ✅ [OAuth] Sinkronisasi selesai.

[LOG] 2026-06-08T15:08:51.132Z 🎵 [JockieMusic] Track terdeteksi dari pesan bot (tanpa **): "[00:00] • ​ WHERE IS MY HUSBAND! - RAYE"
[LOG] 2026-06-08T15:11:16.748Z 📡 [AUTOCRON] Menjalankan pengecekan status live TikTok otomatis untuk @jobetmaritoas...
[LOG] 2026-06-08T15:11:17.013Z 💤 [AUTOCRON] (Webcast API) @jobetmaritoas offline (status_code 30003).
[LOG] 2026-06-08T15:11:17.819Z 💤 [AUTOCRON] (Fallback) @jobetmaritoas sedang offline (Intermission).
[LOG] 2026-06-08T15:12:08.412Z 🎵 [JockieMusic] Track terdeteksi dari pesan bot (tanpa **): "[00:00] • ​ Look What You Made Me Do - Taylor Swift"
[LOG] 2026-06-08T15:13:19.730Z 
⏰ [AutoRank] Menjalankan pengecekan otomatis rank role...
[LOG] 2026-06-08T15:13:19.733Z 📡 [API/leaderboard] Mencoba fetch Cakey Bot (attempt 1/4)...
[LOG] 2026-06-08T15:13:20.833Z ✅ [API/leaderboard] Berhasil fetch Cakey Bot via attempt 1
[LOG] 2026-06-08T15:13:20.837Z ✅ [API/leaderboard] Sukses parse 3 papan peringkat dari Cakey Bot!
[LOG] 2026-06-08T15:13:20.837Z 👥 [API/leaderboard] Menggunakan 349 member ter-cache.
[LOG] 2026-06-08T15:13:21.878Z ✅ [AutoRank] Tidak ada perubahan peringkat — role tetap relevan.
[LOG] 2026-06-08T15:14:16.751Z 📡 [AUTOCRON] Menjalankan pengecekan status live TikTok otomatis untuk @jobetmaritoas...
[LOG] 2026-06-08T15:14:17.042Z 💤 [AUTOCRON] (Webcast API) @jobetmaritoas offline (status_code 30003).
[LOG] 2026-06-08T15:14:17.751Z 💤 [AUTOCRON] (Fallback) @jobetmaritoas sedang offline (Intermission).
[LOG] 2026-06-08T15:15:40.282Z 🎵 [JockieMusic] Track terdeteksi dari pesan bot (tanpa **): "[00:00] • ​ Shake It Off - Taylor Swift"
[LOG] 2026-06-08T15:17:16.751Z 📡 [AUTOCRON] Menjalankan pengecekan status live TikTok otomatis untuk @jobetmaritoas...
[LOG] 2026-06-08T15:17:17.193Z 💤 [AUTOCRON] (Webcast API) @jobetmaritoas offline (status_code 30003).
[LOG] 2026-06-08T15:17:18.133Z 💤 [AUTOCRON] (Fallback) @jobetmaritoas sedang offline (Intermission).
[LOG] 2026-06-08T15:19:19.724Z 🎵 [JockieMusic] Track terdeteksi dari pesan bot (tanpa **): "[00:00] • ​ I Knew You Were Trouble. - Taylor Swift"
[LOG] 2026-06-08T15:20:16.760Z 📡 [AUTOCRON] Menjalankan pengecekan status live TikTok otomatis untuk @jobetmaritoas...
[LOG] 2026-06-08T15:20:17.063Z 💤 [AUTOCRON] (Webcast API) @jobetmaritoas offline (status_code 30003).
[ERR] 2026-06-08T15:20:21.183Z ⚠️ [AUTOCRON] Gagal melakukan pengecekan live otomatis untuk @jobetmaritoas: fetch failed
[LOG] 2026-06-08T15:22:59.205Z 🎵 [JockieMusic] Track terdeteksi dari pesan bot (tanpa **): "[00:00] • ​ Beauty And A Beat - Justin Bieber"
[LOG] 2026-06-08T15:23:16.671Z 
🔄 [OAuth] ====== Memulai sinkronisasi metadata Discord ======
[LOG] 2026-06-08T15:23:16.671Z 👥 [OAuth] Mensinkronisasi 2 akun...
[LOG] 2026-06-08T15:23:16.672Z 📡 [OAuth] Updating connection metadata for @sim.tsx (ID: 661135501226672129)...
[LOG] 2026-06-08T15:23:16.674Z 📡 [API/leaderboard] Mencoba fetch Cakey Bot (attempt 1/4)...
[LOG] 2026-06-08T15:23:16.761Z 📡 [AUTOCRON] Menjalankan pengecekan status live TikTok otomatis untuk @jobetmaritoas...
[LOG] 2026-06-08T15:23:17.001Z 💤 [AUTOCRON] (Webcast API) @jobetmaritoas offline (status_code 30003).
[LOG] 2026-06-08T15:23:18.752Z 💤 [AUTOCRON] (Fallback) @jobetmaritoas sedang offline (Intermission).
[LOG] 2026-06-08T15:23:19.733Z 
⏰ [AutoRank] Menjalankan pengecekan otomatis rank role...
[LOG] 2026-06-08T15:23:19.735Z 📡 [API/leaderboard] Mencoba fetch Cakey Bot (attempt 1/4)...
[LOG] 2026-06-08T15:23:21.798Z ✅ [API/leaderboard] Berhasil fetch Cakey Bot via attempt 1
[LOG] 2026-06-08T15:23:21.800Z ✅ [API/leaderboard] Sukses parse 3 papan peringkat dari Cakey Bot!
[LOG] 2026-06-08T15:23:21.800Z 👥 [API/leaderboard] Menggunakan 349 member ter-cache.
[LOG] 2026-06-08T15:23:22.296Z 📊 [OAuth] User Stats: [object Object]
[LOG] 2026-06-08T15:23:22.642Z ✅ [OAuth] Successfully pushed stats to Discord for @sim.tsx
[LOG] 2026-06-08T15:23:24.650Z 📡 [OAuth] Updating connection metadata for @xymp_ (ID: 880751803883487283)...
[LOG] 2026-06-08T15:23:24.652Z 📡 [API/leaderboard] Mencoba fetch Cakey Bot (attempt 1/4)...
[LOG] 2026-06-08T15:23:25.640Z ✅ [API/leaderboard] Berhasil fetch Cakey Bot via attempt 1
[LOG] 2026-06-08T15:23:25.642Z ✅ [API/leaderboard] Sukses parse 3 papan peringkat dari Cakey Bot!
[LOG] 2026-06-08T15:23:25.642Z 👥 [API/leaderboard] Menggunakan 349 member ter-cache.
[LOG] 2026-06-08T15:23:25.644Z ✅ [API/leaderboard] Berhasil fetch Cakey Bot via attempt 1
[LOG] 2026-06-08T15:23:25.645Z ✅ [API/leaderboard] Sukses parse 3 papan peringkat dari Cakey Bot!
[LOG] 2026-06-08T15:23:25.646Z 👥 [API/leaderboard] Menggunakan 349 member ter-cache.
[LOG] 2026-06-08T15:23:26.512Z ✅ [AutoRank] Tidak ada perubahan peringkat — role tetap relevan.
[LOG] 2026-06-08T15:23:26.576Z 📊 [OAuth] User Stats: [object Object]
[LOG] 2026-06-08T15:23:26.947Z ✅ [OAuth] Successfully pushed stats to Discord for @xymp_
[LOG] 2026-06-08T15:23:28.962Z ✅ [OAuth] Sinkronisasi selesai.

[LOG] 2026-06-08T15:26:16.762Z 📡 [AUTOCRON] Menjalankan pengecekan status live TikTok otomatis untuk @jobetmaritoas...
[LOG] 2026-06-08T15:26:17.007Z 💤 [AUTOCRON] (Webcast API) @jobetmaritoas offline (status_code 30003).
[LOG] 2026-06-08T15:26:17.737Z 💤 [AUTOCRON] (Fallback) @jobetmaritoas sedang offline (Intermission).
[LOG] 2026-06-08T15:26:47.181Z 🎵 [JockieMusic] Track terdeteksi dari pesan bot (tanpa **): "[00:00] • ​ Lush Life - Zara Larsson"
[LOG] 2026-06-08T15:29:16.764Z 📡 [AUTOCRON] Menjalankan pengecekan status live TikTok otomatis untuk @jobetmaritoas...
[LOG] 2026-06-08T15:29:17.087Z 💤 [AUTOCRON] (Webcast API) @jobetmaritoas offline (status_code 30003).
[LOG] 2026-06-08T15:29:17.672Z 💤 [AUTOCRON] (Fallback) @jobetmaritoas sedang offline (Intermission).
[LOG] 2026-06-08T15:30:08.528Z 🎵 [JockieMusic] Track terdeteksi dari pesan bot (tanpa **): "[00:00] • ​ Delicate - Taylor Swift"
[LOG] 2026-06-08T15:32:16.766Z 📡 [AUTOCRON] Menjalankan pengecekan status live TikTok otomatis untuk @jobetmaritoas...
[LOG] 2026-06-08T15:32:17.081Z 💤 [AUTOCRON] (Webcast API) @jobetmaritoas offline (status_code 30003).
[LOG] 2026-06-08T15:32:17.722Z 💤 [AUTOCRON] (Fallback) @jobetmaritoas sedang offline (Intermission).
[LOG] 2026-06-08T15:33:19.735Z 
⏰ [AutoRank] Menjalankan pengecekan otomatis rank role...
[LOG] 2026-06-08T15:33:19.737Z 📡 [API/leaderboard] Mencoba fetch Cakey Bot (attempt 1/4)...
[LOG] 2026-06-08T15:33:20.752Z ✅ [API/leaderboard] Berhasil fetch Cakey Bot via attempt 1
[LOG] 2026-06-08T15:33:20.754Z ✅ [API/leaderboard] Sukses parse 3 papan peringkat dari Cakey Bot!
[LOG] 2026-06-08T15:33:20.754Z 👥 [API/leaderboard] Menggunakan 349 member ter-cache.
[LOG] 2026-06-08T15:33:21.670Z 🔔 [AutoRank] Perubahan terdeteksi di "voice": palecursedvessel|2522 → palecursedvessel|2524
[LOG] 2026-06-08T15:33:22.090Z ✅ [AutoRank] Role "voice": "🏆 Rank 1 Voice: 2524 Hours" → "🏆 Rank 1 Voice: 2524 Hours"
[LOG] 2026-06-08T15:33:22.958Z 🔴 [AutoRank] Melepas role dari palecursedvessel
[LOG] 2026-06-08T15:33:23.933Z 🏆 [AutoRank] Role "🏆 Rank 1 Voice: 2524 Hours" → palecursedvessel (1051027211160928276)
[LOG] 2026-06-08T15:33:25.437Z 🏆 [AutoRank] Update selesai: 1/4 role diperbarui · 1/4 berhasil di-assign ke juara
[LOG] 2026-06-08T15:34:01.572Z 🎵 [JockieMusic] Track terdeteksi dari pesan bot (tanpa **): "[00:00] • ​ Style (Taylor's Version) - Taylor Swift"
[LOG] 2026-06-08T15:35:16.766Z 📡 [AUTOCRON] Menjalankan pengecekan status live TikTok otomatis untuk @jobetmaritoas...
[LOG] 2026-06-08T15:35:17.023Z 💤 [AUTOCRON] (Webcast API) @jobetmaritoas offline (status_code 30003).
[LOG] 2026-06-08T15:35:17.712Z 💤 [AUTOCRON] (Fallback) @jobetmaritoas sedang offline (Intermission).
[LOG] 2026-06-08T15:37:51.782Z 🎵 [JockieMusic] Track terdeteksi dari pesan bot (tanpa **): "[00:00] • ​ Call It What You Want - Taylor Swift"
[LOG] 2026-06-08T15:38:16.678Z 
🔄 [OAuth] ====== Memulai sinkronisasi metadata Discord ======
[LOG] 2026-06-08T15:38:16.679Z 👥 [OAuth] Mensinkronisasi 2 akun...
[LOG] 2026-06-08T15:38:16.679Z 📡 [OAuth] Updating connection metadata for @sim.tsx (ID: 661135501226672129)...
[LOG] 2026-06-08T15:38:16.681Z 📡 [API/leaderboard] Mencoba fetch Cakey Bot (attempt 1/4)...
[LOG] 2026-06-08T15:38:16.774Z 📡 [AUTOCRON] Menjalankan pengecekan status live TikTok otomatis untuk @jobetmaritoas...
[LOG] 2026-06-08T15:38:17.123Z 💤 [AUTOCRON] (Webcast API) @jobetmaritoas offline (status_code 30003).
[LOG] 2026-06-08T15:38:17.874Z 💤 [AUTOCRON] (Fallback) @jobetmaritoas sedang offline (Intermission).
[LOG] 2026-06-08T15:38:18.223Z ✅ [API/leaderboard] Berhasil fetch Cakey Bot via attempt 1
[LOG] 2026-06-08T15:38:18.225Z ✅ [API/leaderboard] Sukses parse 3 papan peringkat dari Cakey Bot!
[LOG] 2026-06-08T15:38:18.225Z 👥 [API/leaderboard] Menggunakan 349 member ter-cache.
[LOG] 2026-06-08T15:38:18.911Z 📊 [OAuth] User Stats: [object Object]
[LOG] 2026-06-08T15:38:19.253Z ✅ [OAuth] Successfully pushed stats to Discord for @sim.tsx
[LOG] 2026-06-08T15:38:21.260Z 📡 [OAuth] Updating connection metadata for @xymp_ (ID: 880751803883487283)...
[LOG] 2026-06-08T15:38:21.261Z 📡 [API/leaderboard] Mencoba fetch Cakey Bot (attempt 1/4)...
[LOG] 2026-06-08T15:38:22.542Z ✅ [API/leaderboard] Berhasil fetch Cakey Bot via attempt 1
[LOG] 2026-06-08T15:38:22.543Z ✅ [API/leaderboard] Sukses parse 3 papan peringkat dari Cakey Bot!
[LOG] 2026-06-08T15:38:22.543Z 👥 [API/leaderboard] Menggunakan 349 member ter-cache.
[LOG] 2026-06-08T15:38:22.929Z 📊 [OAuth] User Stats: [object Object]
[LOG] 2026-06-08T15:38:23.272Z ✅ [OAuth] Successfully pushed stats to Discord for @xymp_
[LOG] 2026-06-08T15:38:25.280Z ✅ [OAuth] Sinkronisasi selesai.

[LOG] 2026-06-08T15:41:15.382Z 🎵 [JockieMusic] Track terdeteksi dari pesan bot (tanpa **): "[00:00] • ​ Cruel Summer - Taylor Swift"
[LOG] 2026-06-08T15:41:16.780Z 📡 [AUTOCRON] Menjalankan pengecekan status live TikTok otomatis untuk @jobetmaritoas...
[LOG] 2026-06-08T15:41:17.090Z 💤 [AUTOCRON] (Webcast API) @jobetmaritoas offline (status_code 30003).
[LOG] 2026-06-08T15:41:17.714Z 💤 [AUTOCRON] (Fallback) @jobetmaritoas sedang offline (Intermission).
[LOG] 2026-06-08T15:43:19.742Z 
⏰ [AutoRank] Menjalankan pengecekan otomatis rank role...
[LOG] 2026-06-08T15:43:19.745Z 📡 [API/leaderboard] Mencoba fetch Cakey Bot (attempt 1/4)...
[LOG] 2026-06-08T15:43:20.904Z ✅ [API/leaderboard] Berhasil fetch Cakey Bot via attempt 1
[LOG] 2026-06-08T15:43:20.907Z ✅ [API/leaderboard] Sukses parse 3 papan peringkat dari Cakey Bot!
[LOG] 2026-06-08T15:43:20.908Z 👥 [API/leaderboard] Menggunakan 349 member ter-cache.
[LOG] 2026-06-08T15:43:22.141Z ✅ [AutoRank] Tidak ada perubahan peringkat — role tetap relevan.
[LOG] 2026-06-08T15:44:16.785Z 📡 [AUTOCRON] Menjalankan pengecekan status live TikTok otomatis untuk @jobetmaritoas...
[ERR] 2026-06-08T15:44:26.185Z ⚠️ [AUTOCRON] Gagal melakukan pengecekan live otomatis untuk @jobetmaritoas: fetch failed
[LOG] 2026-06-08T15:44:26.291Z [KRPK-0421] Akan reconnect dalam 5s...
[LOG] 2026-06-08T15:44:30.054Z 🎵 [JockieMusic] Track terdeteksi dari pesan bot (tanpa **): "[00:00] • ​ Gorgeous - Taylor Swift"
[LOG] 2026-06-08T15:44:31.297Z [KRPK-0421] Mencoba reconnect ke Gateway...
[LOG] 2026-06-08T15:44:31.667Z [KRPK-0421] WebSocket Gateway terbuka.
[LOG] 2026-06-08T15:44:35.068Z [KRPK-0421] Akan reconnect dalam 5s...
[LOG] 2026-06-08T15:44:40.078Z [KRPK-0421] Mencoba reconnect ke Gateway...
[LOG] 2026-06-08T15:44:40.505Z [KRPK-0421] WebSocket Gateway terbuka.
[LOG] 2026-06-08T15:44:49.095Z [KRPK-0421] Ghost user ready: sim.tsx#0
[LOG] 2026-06-08T15:44:49.096Z [KRPK-0421] Reconnect berhasil!
